<?xml version="1.0" encoding="UTF-8"?>
<!-- Generated by org.testng.reporters.JUnitReportReporter -->
<testsuite hostname="DESKTOP-MMIQK27" failures="0" tests="1" name="cucumberOptions.TestNGRunner" time="0.099" errors="0" timestamp="2023-07-18T23:48:17 IST" skipped="0">
  <testcase classname="cucumberOptions.TestNGRunner" name="runScenario" time="0.099"/>
</testsuite> <!-- cucumberOptions.TestNGRunner -->
